<?xml version="1.0" encoding="UTF-8"?>
<!-- Generated by org.testng.reporters.JUnitReportReporter -->
<testsuite hostname="DESKTOP-A7RCVA4" failures="0" tests="1" name="io.TestLayer.ExcelReaderTest" time="0.000" errors="0" timestamp="2021-11-17T16:08:46 IST" skipped="1">
  <testcase classname="io.TestLayer.ExcelReaderTest" name="validateLoginPage" time="0.000">
    <skipped/>
  </testcase> <!-- validateLoginPage -->
  <system-out/>
</testsuite> <!-- io.TestLayer.ExcelReaderTest -->
