<?xml version="1.0" encoding="UTF-8"?>
<!-- Generated by org.testng.reporters.JUnitReportReporter -->
<testsuite hostname="DESKTOP-A7RCVA4" failures="0" tests="1" name="io.TestLayer.LoginPageTest" time="5.005" errors="0" timestamp="2021-11-18T02:00:18 IST" skipped="0">
  <testcase classname="io.TestLayer.LoginPageTest" name="validateLoginFunctionality" time="5.005"/>
  <system-out/>
</testsuite> <!-- io.TestLayer.LoginPageTest -->
