<?xml version="1.0" encoding="UTF-8"?>
<!-- Generated by org.testng.reporters.JUnitReportReporter -->
<testsuite hostname="DESKTOP-A7RCVA4" failures="0" tests="3" name="io.TestLayer.PimPageTest" time="11.264" errors="0" timestamp="2021-11-18T02:49:16 IST" skipped="0">
  <testcase classname="io.TestLayer.PimPageTest" name="validateLoginFunctionality" time="5.608"/>
  <system-out/>
  <testcase classname="io.TestLayer.PimPageTest" name="validateHomePageFunctionality" time="3.946"/>
  <system-out/>
  <testcase classname="io.TestLayer.PimPageTest" name="validatePimPage" time="1.710"/>
  <system-out/>
</testsuite> <!-- io.TestLayer.PimPageTest -->
